<?xml version="1.0" encoding="UTF-8"?>
<!-- Generated by org.testng.reporters.JUnitXMLReporter -->
<testsuite ignored="3" hostname="GE00371M.lan" failures="5" tests="22" name="FactoringPageTests" time="91.281" errors="0" timestamp="2022-11-10T01:10:16 EET">
  <testcase classname="com.swedbank.factoring.automation.testcases.Test_LandingPage" name="landingPage" time="0.96"/>
  <testcase classname="com.swedbank.factoring.automation.testcases.Test_LandingPage" name="becomeACustomer" time="7.0"/>
  <testcase classname="com.swedbank.factoring.automation.testcases.Test_FactoringCalculator" name="invoiceAmountEmptyValidation" time="0.767">
    <failure type="java.lang.AssertionError" message="expected [This field is required] but found [Please enter a valid number]">
      <![CDATA[java.lang.AssertionError: expected [This field is required] but found [Please enter a valid number]
at com.swedbank.factoring.automation.testcases.Test_FactoringCalculator.invoiceAmountEmptyValidation(Test_FactoringCalculator.java:45)
at java.base/java.util.concurrent.ThreadPoolExecutor.runWorker(ThreadPoolExecutor.java:1136)
at java.base/java.util.concurrent.ThreadPoolExecutor$Worker.run(ThreadPoolExecutor.java:635)
at java.base/java.lang.Thread.run(Thread.java:833)
... Removed 18 stack frames]]>
    </failure>
  </testcase> <!-- invoiceAmountEmptyValidation -->
  <testcase classname="com.swedbank.factoring.automation.testcases.Test_FactoringCalculator" name="invoiceAmountAplhaNumericValidation" time="1.765"/>
  <testcase classname="com.swedbank.factoring.automation.testcases.Test_FactoringCalculator" name="sectionDefaultValidations" time="3.776">
    <failure type="org.openqa.selenium.StaleElementReferenceException" message="stale element reference: element is not attached to the page document
  (Session info: chrome=107.0.5304.87)
For documentation on this error, please visit: https://selenium.dev/exceptions/#stale_element_reference
Build info: version: &amp;apos;4.4.0&amp;apos;, revision: &amp;apos;e5c75ed026a&amp;apos;
System info: host: &amp;apos;GE00371M.lan&amp;apos;, ip: &amp;apos;2001:7d0:82c0:ef00:5c8f:3943:fecb:df8%en0&amp;apos;, os.name: &amp;apos;Mac OS X&amp;apos;, os.arch: &amp;apos;x86_64&amp;apos;, os.version: &amp;apos;11.6.8&amp;apos;, java.version: &amp;apos;17.0.4.1&amp;apos;
Driver info: org.openqa.selenium.chrome.ChromeDriver
Command: [bc7251f3f8af14736eda1e8f23b973c7, getElementAttribute {id=c13ba8b2-9bb2-4cd9-9d34-063fb9d076de, name=value}]
Capabilities {acceptInsecureCerts: false, browserName: chrome, browserVersion: 107.0.5304.87, chrome: {chromedriverVersion: 107.0.5304.62 (1eec40d3a576..., userDataDir: /var/folders/0m/fvmjrzt11z5...}, goog:chromeOptions: {debuggerAddress: localhost:54136}, networkConnectionEnabled: false, pageLoadStrategy: normal, platformName: MAC, proxy: Proxy(), se:cdp: ws://localhost:54136/devtoo..., se:cdpVersion: 107.0.5304.87, setWindowRect: true, strictFileInteractability: false, timeouts: {implicit: 0, pageLoad: 300000, script: 30000}, unhandledPromptBehavior: dismiss and notify, webauthn:extension:credBlob: true, webauthn:extension:largeBlob: true, webauthn:virtualAuthenticators: true}
Element: [[ChromeDriver: chrome on MAC (bc7251f3f8af14736eda1e8f23b973c7)] -&amp;gt; xpath: //input[@name=&amp;apos;calc_d5&amp;apos;]]
Session ID: bc7251f3f8af14736eda1e8f23b973c7">
      <![CDATA[org.openqa.selenium.StaleElementReferenceException: stale element reference: element is not attached to the page document
  (Session info: chrome=107.0.5304.87)
For documentation on this error, please visit: https://selenium.dev/exceptions/#stale_element_reference
Build info: version: '4.4.0', revision: 'e5c75ed026a'
System info: host: 'GE00371M.lan', ip: '2001:7d0:82c0:ef00:5c8f:3943:fecb:df8%en0', os.name: 'Mac OS X', os.arch: 'x86_64', os.version: '11.6.8', java.version: '17.0.4.1'
Driver info: org.openqa.selenium.chrome.ChromeDriver
Command: [bc7251f3f8af14736eda1e8f23b973c7, getElementAttribute {id=c13ba8b2-9bb2-4cd9-9d34-063fb9d076de, name=value}]
Capabilities {acceptInsecureCerts: false, browserName: chrome, browserVersion: 107.0.5304.87, chrome: {chromedriverVersion: 107.0.5304.62 (1eec40d3a576..., userDataDir: /var/folders/0m/fvmjrzt11z5...}, goog:chromeOptions: {debuggerAddress: localhost:54136}, networkConnectionEnabled: false, pageLoadStrategy: normal, platformName: MAC, proxy: Proxy(), se:cdp: ws://localhost:54136/devtoo..., se:cdpVersion: 107.0.5304.87, setWindowRect: true, strictFileInteractability: false, timeouts: {implicit: 0, pageLoad: 300000, script: 30000}, unhandledPromptBehavior: dismiss and notify, webauthn:extension:credBlob: true, webauthn:extension:largeBlob: true, webauthn:virtualAuthenticators: true}
Element: [[ChromeDriver: chrome on MAC (bc7251f3f8af14736eda1e8f23b973c7)] -> xpath: //input[@name='calc_d5']]
Session ID: bc7251f3f8af14736eda1e8f23b973c7
at org.openqa.selenium.remote.codec.w3c.W3CHttpResponseCodec.createException(W3CHttpResponseCodec.java:200)
at org.openqa.selenium.remote.codec.w3c.W3CHttpResponseCodec.decode(W3CHttpResponseCodec.java:133)
at org.openqa.selenium.remote.codec.w3c.W3CHttpResponseCodec.decode(W3CHttpResponseCodec.java:53)
at org.openqa.selenium.remote.HttpCommandExecutor.execute(HttpCommandExecutor.java:184)
at org.openqa.selenium.remote.service.DriverCommandExecutor.invokeExecute(DriverCommandExecutor.java:167)
at org.openqa.selenium.remote.service.DriverCommandExecutor.execute(DriverCommandExecutor.java:142)
at org.openqa.selenium.remote.RemoteWebDriver.execute(RemoteWebDriver.java:547)
at org.openqa.selenium.remote.RemoteWebElement.execute(RemoteWebElement.java:257)
at org.openqa.selenium.remote.RemoteWebElement.getAttribute(RemoteWebElement.java:158)
at org.openqa.selenium.support.pagefactory.internal.LocatingElementHandler.invoke(LocatingElementHandler.java:52)
at jdk.proxy2/jdk.proxy2.$Proxy17.getAttribute(Unknown Source)
at com.swedbank.factoring.automation.pages.FactoringCalculatorPage.getDefaultInvoiceAmount(FactoringCalculatorPage.java:62)
at com.swedbank.factoring.automation.testcases.Test_FactoringCalculator.sectionDefaultValidations(Test_FactoringCalculator.java:19)
at java.base/java.util.concurrent.ThreadPoolExecutor.runWorker(ThreadPoolExecutor.java:1136)
at java.base/java.util.concurrent.ThreadPoolExecutor$Worker.run(ThreadPoolExecutor.java:635)
at java.base/java.lang.Thread.run(Thread.java:833)
... Removed 21 stack frames]]>
    </failure>
  </testcase> <!-- sectionDefaultValidations -->
  <testcase classname="com.swedbank.factoring.automation.testcases.Test_LoginPage" name="usingSwedBanklogo" time="10.138"/>
  <testcase classname="com.swedbank.factoring.automation.testcases.Test_LoginPage" name="usingLoginButton" time="14.148"/>
  <testcase classname="com.swedbank.factoring.automation.testcases.Test_FactoringCalculator" name="invoiceAmountZeroValidation" time="0.489"/>
  <testcase classname="com.swedbank.factoring.automation.testcases.Test_FactoringCalculator" name="advanceRateValidation" time="1.565"/>
  <testcase classname="com.swedbank.factoring.automation.testcases.Test_FactoringCalculator" name="interestRateAlphaNumericValidation" time="0.564"/>
  <testcase classname="com.swedbank.factoring.automation.testcases.Test_FactoringCalculator" name="interestRateEmptyValidation" time="1.511"/>
  <testcase classname="com.swedbank.factoring.automation.testcases.Test_FactoringCalculator" name="interestRateAboveLimitsValidation" time="1.339"/>
  <testcase classname="com.swedbank.factoring.automation.testcases.Test_FactoringCalculator" name="paymentTermValidation" time="1.18"/>
  <testcase classname="com.swedbank.factoring.automation.testcases.Test_FactoringCalculator" name="commissionFeesAlphaNumericValidation" time="0.073">
    <failure type="org.openqa.selenium.interactions.MoveTargetOutOfBoundsException" message="move target out of bounds
  (Session info: chrome=107.0.5304.87)
Build info: version: &amp;apos;4.4.0&amp;apos;, revision: &amp;apos;e5c75ed026a&amp;apos;
System info: host: &amp;apos;GE00371M.lan&amp;apos;, ip: &amp;apos;2001:7d0:82c0:ef00:5c8f:3943:fecb:df8%en0&amp;apos;, os.name: &amp;apos;Mac OS X&amp;apos;, os.arch: &amp;apos;x86_64&amp;apos;, os.version: &amp;apos;11.6.8&amp;apos;, java.version: &amp;apos;17.0.4.1&amp;apos;
Driver info: org.openqa.selenium.chrome.ChromeDriver
Command: [a3fe86dbdc88b9ec0d7ee1ca4a6d2fb8, actions {actions=[org.openqa.selenium.interactions.Sequence@67300583]}]
Capabilities {acceptInsecureCerts: false, browserName: chrome, browserVersion: 107.0.5304.87, chrome: {chromedriverVersion: 107.0.5304.62 (1eec40d3a576..., userDataDir: /var/folders/0m/fvmjrzt11z5...}, goog:chromeOptions: {debuggerAddress: localhost:54588}, networkConnectionEnabled: false, pageLoadStrategy: normal, platformName: MAC, proxy: Proxy(), se:cdp: ws://localhost:54588/devtoo..., se:cdpVersion: 107.0.5304.87, setWindowRect: true, strictFileInteractability: false, timeouts: {implicit: 0, pageLoad: 300000, script: 30000}, unhandledPromptBehavior: dismiss and notify, webauthn:extension:credBlob: true, webauthn:extension:largeBlob: true, webauthn:virtualAuthenticators: true}
Session ID: a3fe86dbdc88b9ec0d7ee1ca4a6d2fb8">
      <![CDATA[org.openqa.selenium.interactions.MoveTargetOutOfBoundsException: move target out of bounds
  (Session info: chrome=107.0.5304.87)
Build info: version: '4.4.0', revision: 'e5c75ed026a'
System info: host: 'GE00371M.lan', ip: '2001:7d0:82c0:ef00:5c8f:3943:fecb:df8%en0', os.name: 'Mac OS X', os.arch: 'x86_64', os.version: '11.6.8', java.version: '17.0.4.1'
Driver info: org.openqa.selenium.chrome.ChromeDriver
Command: [a3fe86dbdc88b9ec0d7ee1ca4a6d2fb8, actions {actions=[org.openqa.selenium.interactions.Sequence@67300583]}]
Capabilities {acceptInsecureCerts: false, browserName: chrome, browserVersion: 107.0.5304.87, chrome: {chromedriverVersion: 107.0.5304.62 (1eec40d3a576..., userDataDir: /var/folders/0m/fvmjrzt11z5...}, goog:chromeOptions: {debuggerAddress: localhost:54588}, networkConnectionEnabled: false, pageLoadStrategy: normal, platformName: MAC, proxy: Proxy(), se:cdp: ws://localhost:54588/devtoo..., se:cdpVersion: 107.0.5304.87, setWindowRect: true, strictFileInteractability: false, timeouts: {implicit: 0, pageLoad: 300000, script: 30000}, unhandledPromptBehavior: dismiss and notify, webauthn:extension:credBlob: true, webauthn:extension:largeBlob: true, webauthn:virtualAuthenticators: true}
Session ID: a3fe86dbdc88b9ec0d7ee1ca4a6d2fb8
at org.openqa.selenium.remote.codec.w3c.W3CHttpResponseCodec.createException(W3CHttpResponseCodec.java:200)
at org.openqa.selenium.remote.codec.w3c.W3CHttpResponseCodec.decode(W3CHttpResponseCodec.java:133)
at org.openqa.selenium.remote.codec.w3c.W3CHttpResponseCodec.decode(W3CHttpResponseCodec.java:53)
at org.openqa.selenium.remote.HttpCommandExecutor.execute(HttpCommandExecutor.java:184)
at org.openqa.selenium.remote.service.DriverCommandExecutor.invokeExecute(DriverCommandExecutor.java:167)
at org.openqa.selenium.remote.service.DriverCommandExecutor.execute(DriverCommandExecutor.java:142)
at org.openqa.selenium.remote.RemoteWebDriver.execute(RemoteWebDriver.java:547)
at org.openqa.selenium.remote.RemoteWebDriver.perform(RemoteWebDriver.java:615)
at org.openqa.selenium.interactions.Actions$BuiltAction.perform(Actions.java:567)
at org.openqa.selenium.interactions.Actions.perform(Actions.java:536)
at com.swedbank.factoring.automation.pages.FactoringCalculatorPage.commissionFeesAlphaNumericValidation(FactoringCalculatorPage.java:244)
at com.swedbank.factoring.automation.testcases.Test_FactoringCalculator.commissionFeesAlphaNumericValidation(Test_FactoringCalculator.java:107)
at java.base/java.util.concurrent.ThreadPoolExecutor.runWorker(ThreadPoolExecutor.java:1136)
at java.base/java.util.concurrent.ThreadPoolExecutor$Worker.run(ThreadPoolExecutor.java:635)
at java.base/java.lang.Thread.run(Thread.java:833)
... Removed 17 stack frames]]>
    </failure>
  </testcase> <!-- commissionFeesAlphaNumericValidation -->
  <testcase classname="com.swedbank.factoring.automation.testcases.Test_LoginPage" name="usingApplyButton" time="35.112">
    <failure type="org.openqa.selenium.NoSuchElementException" message="no such element: Unable to locate element: {&amp;quot;method&amp;quot;:&amp;quot;xpath&amp;quot;,&amp;quot;selector&amp;quot;:&amp;quot;//button[@class=&amp;apos;button -left&amp;apos; and text()=&amp;apos;Apply&amp;apos;]&amp;quot;}
  (Session info: chrome=107.0.5304.87)
For documentation on this error, please visit: https://selenium.dev/exceptions/#no_such_element
Build info: version: &amp;apos;4.4.0&amp;apos;, revision: &amp;apos;e5c75ed026a&amp;apos;
System info: host: &amp;apos;GE00371M.lan&amp;apos;, ip: &amp;apos;2001:7d0:82c0:ef00:5c8f:3943:fecb:df8%en0&amp;apos;, os.name: &amp;apos;Mac OS X&amp;apos;, os.arch: &amp;apos;x86_64&amp;apos;, os.version: &amp;apos;11.6.8&amp;apos;, java.version: &amp;apos;17.0.4.1&amp;apos;
Driver info: org.openqa.selenium.chrome.ChromeDriver
Command: [ef852c7ec8d6641cfd65011b5be69eb4, findElement {using=xpath, value=//button[@class=&amp;apos;button -left&amp;apos; and text()=&amp;apos;Apply&amp;apos;]}]
Capabilities {acceptInsecureCerts: false, browserName: chrome, browserVersion: 107.0.5304.87, chrome: {chromedriverVersion: 107.0.5304.62 (1eec40d3a576..., userDataDir: /var/folders/0m/fvmjrzt11z5...}, goog:chromeOptions: {debuggerAddress: localhost:54133}, networkConnectionEnabled: false, pageLoadStrategy: normal, platformName: MAC, proxy: Proxy(), se:cdp: ws://localhost:54133/devtoo..., se:cdpVersion: 107.0.5304.87, setWindowRect: true, strictFileInteractability: false, timeouts: {implicit: 0, pageLoad: 300000, script: 30000}, unhandledPromptBehavior: dismiss and notify, webauthn:extension:credBlob: true, webauthn:extension:largeBlob: true, webauthn:virtualAuthenticators: true}
Session ID: ef852c7ec8d6641cfd65011b5be69eb4">
      <![CDATA[org.openqa.selenium.NoSuchElementException: no such element: Unable to locate element: {"method":"xpath","selector":"//button[@class='button -left' and text()='Apply']"}
  (Session info: chrome=107.0.5304.87)
For documentation on this error, please visit: https://selenium.dev/exceptions/#no_such_element
Build info: version: '4.4.0', revision: 'e5c75ed026a'
System info: host: 'GE00371M.lan', ip: '2001:7d0:82c0:ef00:5c8f:3943:fecb:df8%en0', os.name: 'Mac OS X', os.arch: 'x86_64', os.version: '11.6.8', java.version: '17.0.4.1'
Driver info: org.openqa.selenium.chrome.ChromeDriver
Command: [ef852c7ec8d6641cfd65011b5be69eb4, findElement {using=xpath, value=//button[@class='button -left' and text()='Apply']}]
Capabilities {acceptInsecureCerts: false, browserName: chrome, browserVersion: 107.0.5304.87, chrome: {chromedriverVersion: 107.0.5304.62 (1eec40d3a576..., userDataDir: /var/folders/0m/fvmjrzt11z5...}, goog:chromeOptions: {debuggerAddress: localhost:54133}, networkConnectionEnabled: false, pageLoadStrategy: normal, platformName: MAC, proxy: Proxy(), se:cdp: ws://localhost:54133/devtoo..., se:cdpVersion: 107.0.5304.87, setWindowRect: true, strictFileInteractability: false, timeouts: {implicit: 0, pageLoad: 300000, script: 30000}, unhandledPromptBehavior: dismiss and notify, webauthn:extension:credBlob: true, webauthn:extension:largeBlob: true, webauthn:virtualAuthenticators: true}
Session ID: ef852c7ec8d6641cfd65011b5be69eb4
at org.openqa.selenium.remote.codec.w3c.W3CHttpResponseCodec.createException(W3CHttpResponseCodec.java:200)
at org.openqa.selenium.remote.codec.w3c.W3CHttpResponseCodec.decode(W3CHttpResponseCodec.java:133)
at org.openqa.selenium.remote.codec.w3c.W3CHttpResponseCodec.decode(W3CHttpResponseCodec.java:53)
at org.openqa.selenium.remote.HttpCommandExecutor.execute(HttpCommandExecutor.java:184)
at org.openqa.selenium.remote.service.DriverCommandExecutor.invokeExecute(DriverCommandExecutor.java:167)
at org.openqa.selenium.remote.service.DriverCommandExecutor.execute(DriverCommandExecutor.java:142)
at org.openqa.selenium.remote.RemoteWebDriver.execute(RemoteWebDriver.java:547)
at org.openqa.selenium.remote.ElementLocation$ElementFinder$2.findElement(ElementLocation.java:162)
at org.openqa.selenium.remote.ElementLocation.findElement(ElementLocation.java:60)
at org.openqa.selenium.remote.RemoteWebDriver.findElement(RemoteWebDriver.java:365)
at org.openqa.selenium.remote.RemoteWebDriver.findElement(RemoteWebDriver.java:357)
at org.openqa.selenium.support.pagefactory.DefaultElementLocator.findElement(DefaultElementLocator.java:70)
at org.openqa.selenium.support.pagefactory.internal.LocatingElementHandler.invoke(LocatingElementHandler.java:39)
at jdk.proxy2/jdk.proxy2.$Proxy17.click(Unknown Source)
at com.swedbank.factoring.automation.pages.LoginPage.usingApplyButton(LoginPage.java:77)
at com.swedbank.factoring.automation.testcases.Test_LoginPage.usingApplyButton(Test_LoginPage.java:21)
at java.base/java.util.concurrent.ThreadPoolExecutor.runWorker(ThreadPoolExecutor.java:1136)
at java.base/java.util.concurrent.ThreadPoolExecutor$Worker.run(ThreadPoolExecutor.java:635)
at java.base/java.lang.Thread.run(Thread.java:833)
... Removed 17 stack frames]]>
    </failure>
  </testcase> <!-- usingApplyButton -->
  <testcase classname="com.swedbank.factoring.automation.testcases.Test_FactoringCalculator" name="applyButtonValidation" time="1.666"/>
  <testcase classname="com.swedbank.factoring.automation.testcases.Test_LandingPage" name="langOnLandingPage" time="39.19"/>
  <testcase classname="com.swedbank.factoring.automation.testcases.Test_LandingPage" name="navigatingTabs" time="35.634"/>
  <testcase classname="com.swedbank.factoring.automation.testcases.Test_FactoringCalculator" name="docAndFeesTabGeneralConditionsValidation" time="2.325"/>
  <testcase classname="com.swedbank.factoring.automation.testcases.Test_FactoringCalculator" name="howToApplyTabValidation" time="1.999"/>
  <testcase classname="com.swedbank.factoring.automation.testcases.Test_FactoringCalculator" name="docAndfeesClaimDocValidation" time="4.345"/>
  <testcase classname="com.swedbank.factoring.automation.testcases.Test_FactoringCalculator" name="docAndFeesInvoiceListValidation" time="32.772">
    <failure type="org.openqa.selenium.ElementNotInteractableException" message="element not interactable
  (Session info: chrome=107.0.5304.87)
Build info: version: &amp;apos;4.4.0&amp;apos;, revision: &amp;apos;e5c75ed026a&amp;apos;
System info: host: &amp;apos;GE00371M.lan&amp;apos;, ip: &amp;apos;2001:7d0:82c0:ef00:5c8f:3943:fecb:df8%en0&amp;apos;, os.name: &amp;apos;Mac OS X&amp;apos;, os.arch: &amp;apos;x86_64&amp;apos;, os.version: &amp;apos;11.6.8&amp;apos;, java.version: &amp;apos;17.0.4.1&amp;apos;
Driver info: org.openqa.selenium.chrome.ChromeDriver
Command: [c4a513d0098e625afadd4c1c2ac97f1e, clickElement {id=603ca9f6-fa32-4a4d-bb3e-13fb59c1f754}]
Capabilities {acceptInsecureCerts: false, browserName: chrome, browserVersion: 107.0.5304.87, chrome: {chromedriverVersion: 107.0.5304.62 (1eec40d3a576..., userDataDir: /var/folders/0m/fvmjrzt11z5...}, goog:chromeOptions: {debuggerAddress: localhost:54650}, networkConnectionEnabled: false, pageLoadStrategy: normal, platformName: MAC, proxy: Proxy(), se:cdp: ws://localhost:54650/devtoo..., se:cdpVersion: 107.0.5304.87, setWindowRect: true, strictFileInteractability: false, timeouts: {implicit: 0, pageLoad: 300000, script: 30000}, unhandledPromptBehavior: dismiss and notify, webauthn:extension:credBlob: true, webauthn:extension:largeBlob: true, webauthn:virtualAuthenticators: true}
Element: [[ChromeDriver: chrome on MAC (c4a513d0098e625afadd4c1c2ac97f1e)] -&amp;gt; xpath: //a[text()=&amp;apos;List of invoices&amp;apos;]]
Session ID: c4a513d0098e625afadd4c1c2ac97f1e">
      <![CDATA[org.openqa.selenium.ElementNotInteractableException: element not interactable
  (Session info: chrome=107.0.5304.87)
Build info: version: '4.4.0', revision: 'e5c75ed026a'
System info: host: 'GE00371M.lan', ip: '2001:7d0:82c0:ef00:5c8f:3943:fecb:df8%en0', os.name: 'Mac OS X', os.arch: 'x86_64', os.version: '11.6.8', java.version: '17.0.4.1'
Driver info: org.openqa.selenium.chrome.ChromeDriver
Command: [c4a513d0098e625afadd4c1c2ac97f1e, clickElement {id=603ca9f6-fa32-4a4d-bb3e-13fb59c1f754}]
Capabilities {acceptInsecureCerts: false, browserName: chrome, browserVersion: 107.0.5304.87, chrome: {chromedriverVersion: 107.0.5304.62 (1eec40d3a576..., userDataDir: /var/folders/0m/fvmjrzt11z5...}, goog:chromeOptions: {debuggerAddress: localhost:54650}, networkConnectionEnabled: false, pageLoadStrategy: normal, platformName: MAC, proxy: Proxy(), se:cdp: ws://localhost:54650/devtoo..., se:cdpVersion: 107.0.5304.87, setWindowRect: true, strictFileInteractability: false, timeouts: {implicit: 0, pageLoad: 300000, script: 30000}, unhandledPromptBehavior: dismiss and notify, webauthn:extension:credBlob: true, webauthn:extension:largeBlob: true, webauthn:virtualAuthenticators: true}
Element: [[ChromeDriver: chrome on MAC (c4a513d0098e625afadd4c1c2ac97f1e)] -> xpath: //a[text()='List of invoices']]
Session ID: c4a513d0098e625afadd4c1c2ac97f1e
at org.openqa.selenium.remote.codec.w3c.W3CHttpResponseCodec.createException(W3CHttpResponseCodec.java:200)
at org.openqa.selenium.remote.codec.w3c.W3CHttpResponseCodec.decode(W3CHttpResponseCodec.java:133)
at org.openqa.selenium.remote.codec.w3c.W3CHttpResponseCodec.decode(W3CHttpResponseCodec.java:53)
at org.openqa.selenium.remote.HttpCommandExecutor.execute(HttpCommandExecutor.java:184)
at org.openqa.selenium.remote.service.DriverCommandExecutor.invokeExecute(DriverCommandExecutor.java:167)
at org.openqa.selenium.remote.service.DriverCommandExecutor.execute(DriverCommandExecutor.java:142)
at org.openqa.selenium.remote.RemoteWebDriver.execute(RemoteWebDriver.java:547)
at org.openqa.selenium.remote.RemoteWebElement.execute(RemoteWebElement.java:257)
at org.openqa.selenium.remote.RemoteWebElement.click(RemoteWebElement.java:78)
at org.openqa.selenium.support.pagefactory.internal.LocatingElementHandler.invoke(LocatingElementHandler.java:52)
at jdk.proxy2/jdk.proxy2.$Proxy17.click(Unknown Source)
at com.swedbank.factoring.automation.pages.FactoringCalculatorPage.docAndFeesInvoiceListValidation(FactoringCalculatorPage.java:323)
at com.swedbank.factoring.automation.testcases.Test_FactoringCalculator.docAndFeesInvoiceListValidation(Test_FactoringCalculator.java:148)
at java.base/java.util.concurrent.ThreadPoolExecutor.runWorker(ThreadPoolExecutor.java:1136)
at java.base/java.util.concurrent.ThreadPoolExecutor$Worker.run(ThreadPoolExecutor.java:635)
at java.base/java.lang.Thread.run(Thread.java:833)
... Removed 20 stack frames]]>
    </failure>
  </testcase> <!-- docAndFeesInvoiceListValidation -->
  <testcase classname="com.swedbank.factoring.automation.testcases.Test_FactoringCalculator" name="commissionFeesEmptyValidation" time="0.0">
    <ignored/>
  </testcase> <!-- commissionFeesEmptyValidation -->
  <testcase classname="com.swedbank.factoring.automation.pages.BaseClass" name="@BeforeSuite datDrivenSuite" time="0.0">
    <ignored/>
  </testcase> <!-- @BeforeSuite datDrivenSuite -->
  <testcase classname="com.swedbank.factoring.automation.pages.BaseClass" name="@BeforeSuite datDrivenSuite" time="0.0">
    <ignored/>
  </testcase> <!-- @BeforeSuite datDrivenSuite -->
</testsuite> <!-- FactoringPageTests -->
