<?xml version="1.0" encoding="UTF-8"?>
<!-- Generated by org.testng.reporters.JUnitXMLReporter -->
<testsuite ignored="3" hostname="GE00371M.lan" failures="0" tests="1" name="Default test" time="12.761" errors="0" timestamp="2022-11-10T00:49:24 EET">
  <testcase classname="com.swedbank.factoring.automation.testcases.Test_LandingPage" name="becomeACustomer" time="7.069"/>
  <testcase classname="com.swedbank.factoring.automation.testcases.Test_LandingPage" name="langOnLandingPage" time="0.0">
    <ignored/>
  </testcase> <!-- langOnLandingPage -->
  <testcase classname="com.swedbank.factoring.automation.testcases.Test_LandingPage" name="navigatingTabs" time="0.0">
    <ignored/>
  </testcase> <!-- navigatingTabs -->
  <testcase classname="com.swedbank.factoring.automation.testcases.Test_LandingPage" name="landingPage" time="0.0">
    <ignored/>
  </testcase> <!-- landingPage -->
</testsuite> <!-- Default test -->
