<?xml version="1.0" encoding="UTF-8"?>
<!-- Generated by org.testng.reporters.JUnitXMLReporter -->
<testsuite ignored="0" hostname="GE00371M.local" failures="0" tests="3" name="Default test" time="48.992" errors="0" timestamp="2022-11-09T02:48:33 EET">
  <testcase classname="com.swedbank.factoring.automation.testcases.Test_LandingPage" name="landingPage" time="0.053"/>
  <testcase classname="com.swedbank.factoring.automation.testcases.Test_LandingPage" name="becomeACustomer" time="1.508"/>
  <testcase classname="com.swedbank.factoring.automation.testcases.Test_LandingPage" name="navigatingTabs" time="34.783"/>
</testsuite> <!-- Default test -->
