<?xml version="1.0" encoding="UTF-8"?>
<testsuite xmlns:xsi="http://www.w3.org/2001/XMLSchema-instance" xsi:noNamespaceSchemaLocation="https://maven.apache.org/surefire/maven-surefire-plugin/xsd/surefire-test-report.xsd" name="TestSuite" time="62.564" tests="22" errors="0" skipped="0" failures="2">
  <properties>
[...]
</properties>
  <testcase name="landingPage" classname="com.swedbank.factoring.automation.testcases.Test_LandingPage" time="0.991"/>
  <testcase name="invoiceAmountAplhaNumericValidation" classname="com.swedbank.factoring.automation.testcases.Test_FactoringCalculator" time="1.613"/>
  <testcase name="invoiceAmountEmptyValidation" classname="com.swedbank.factoring.automation.testcases.Test_FactoringCalculator" time="0.426">
    <failure message="move target out of bounds&#10;  (Session info: chrome=107.0.5304.87)&#10;Build info: version: &apos;4.4.0&apos;, revision: &apos;e5c75ed026a&apos;&#10;System info: host: &apos;GE00371M.lan&apos;, ip: &apos;2001:7d0:82c0:ef00:5c8f:3943:fecb:df8%en0&apos;, os.name: &apos;Mac OS X&apos;, os.arch: &apos;x86_64&apos;, os.version: &apos;11.6.8&apos;, java.version: &apos;1.8.0_341&apos;&#10;Driver info: org.openqa.selenium.chrome.ChromeDriver&#10;Command: [1dfb7a5e6dd5e1784940444a175ad6b0, actions {actions=[org.openqa.selenium.interactions.Sequence@30163394]}]&#10;Capabilities {acceptInsecureCerts: false, browserName: chrome, browserVersion: 107.0.5304.87, chrome: {chromedriverVersion: 107.0.5304.62 (1eec40d3a576..., userDataDir: /var/folders/0m/fvmjrzt11z5...}, goog:chromeOptions: {debuggerAddress: localhost:55127}, networkConnectionEnabled: false, pageLoadStrategy: normal, platformName: MAC, proxy: Proxy(), se:cdp: ws://localhost:55127/devtoo..., se:cdpVersion: 107.0.5304.87, setWindowRect: true, strictFileInteractability: false, timeouts: {implicit: 0, pageLoad: 300000, script: 30000}, unhandledPromptBehavior: dismiss and notify, webauthn:extension:credBlob: true, webauthn:extension:largeBlob: true, webauthn:virtualAuthenticators: true}&#10;Session ID: 1dfb7a5e6dd5e1784940444a175ad6b0" type="org.openqa.selenium.interactions.MoveTargetOutOfBoundsException">org.openqa.selenium.interactions.MoveTargetOutOfBoundsException: 
move target out of bounds
  (Session info: chrome=107.0.5304.87)
Build info: version: '4.4.0', revision: 'e5c75ed026a'
System info: host: 'GE00371M.lan', ip: '2001:7d0:82c0:ef00:5c8f:3943:fecb:df8%en0', os.name: 'Mac OS X', os.arch: 'x86_64', os.version: '11.6.8', java.version: '1.8.0_341'
Driver info: org.openqa.selenium.chrome.ChromeDriver
Command: [1dfb7a5e6dd5e1784940444a175ad6b0, actions {actions=[org.openqa.selenium.interactions.Sequence@30163394]}]
Capabilities {acceptInsecureCerts: false, browserName: chrome, browserVersion: 107.0.5304.87, chrome: {chromedriverVersion: 107.0.5304.62 (1eec40d3a576..., userDataDir: /var/folders/0m/fvmjrzt11z5...}, goog:chromeOptions: {debuggerAddress: localhost:55127}, networkConnectionEnabled: false, pageLoadStrategy: normal, platformName: MAC, proxy: Proxy(), se:cdp: ws://localhost:55127/devtoo..., se:cdpVersion: 107.0.5304.87, setWindowRect: true, strictFileInteractability: false, timeouts: {implicit: 0, pageLoad: 300000, script: 30000}, unhandledPromptBehavior: dismiss and notify, webauthn:extension:credBlob: true, webauthn:extension:largeBlob: true, webauthn:virtualAuthenticators: true}
Session ID: 1dfb7a5e6dd5e1784940444a175ad6b0
	at com.swedbank.factoring.automation.testcases.Test_FactoringCalculator.invoiceAmountEmptyValidation(Test_FactoringCalculator.java:45)
</failure>
    <system-err><![CDATA[Starting ChromeDriver 107.0.5304.62 (1eec40d3a5764881c92085aaee66d25075c159aa-refs/branch-heads/5304@{#942}) on port 55926
Only local connections are allowed.
Please see https://chromedriver.chromium.org/security-considerations for suggestions on keeping ChromeDriver safe.
ChromeDriver was started successfully.
]]></system-err>
  </testcase>
  <testcase name="invoiceAmountZeroValidation" classname="com.swedbank.factoring.automation.testcases.Test_FactoringCalculator" time="0.334"/>
  <testcase name="usingSwedBanklogo" classname="com.swedbank.factoring.automation.testcases.Test_LoginPage" time="0.657"/>
  <testcase name="langOnLandingPage" classname="com.swedbank.factoring.automation.testcases.Test_LandingPage" time="1.597"/>
  <testcase name="advanceRateValidation" classname="com.swedbank.factoring.automation.testcases.Test_FactoringCalculator" time="1.097"/>
  <testcase name="interestRateAlphaNumericValidation" classname="com.swedbank.factoring.automation.testcases.Test_FactoringCalculator" time="0.298"/>
  <testcase name="usingLoginButton" classname="com.swedbank.factoring.automation.testcases.Test_LoginPage" time="0.991"/>
  <testcase name="usingApplyButton" classname="com.swedbank.factoring.automation.testcases.Test_LoginPage" time="2.809"/>
  <testcase name="sectionDefaultValidations" classname="com.swedbank.factoring.automation.testcases.Test_FactoringCalculator" time="0.622">
    <failure message="no such element: Unable to locate element: {&quot;method&quot;:&quot;xpath&quot;,&quot;selector&quot;:&quot;//select[@id=&apos;D6&apos;]&quot;}&#10;  (Session info: chrome=107.0.5304.87)&#10;For documentation on this error, please visit: https://selenium.dev/exceptions/#no_such_element&#10;Build info: version: &apos;4.4.0&apos;, revision: &apos;e5c75ed026a&apos;&#10;System info: host: &apos;GE00371M.lan&apos;, ip: &apos;2001:7d0:82c0:ef00:5c8f:3943:fecb:df8%en0&apos;, os.name: &apos;Mac OS X&apos;, os.arch: &apos;x86_64&apos;, os.version: &apos;11.6.8&apos;, java.version: &apos;1.8.0_341&apos;&#10;Driver info: org.openqa.selenium.chrome.ChromeDriver&#10;Command: [8fb4a5d1d358d47da4f520b606a85756, findElement {using=xpath, value=//select[@id=&apos;D6&apos;]}]&#10;Capabilities {acceptInsecureCerts: false, browserName: chrome, browserVersion: 107.0.5304.87, chrome: {chromedriverVersion: 107.0.5304.62 (1eec40d3a576..., userDataDir: /var/folders/0m/fvmjrzt11z5...}, goog:chromeOptions: {debuggerAddress: localhost:55125}, networkConnectionEnabled: false, pageLoadStrategy: normal, platformName: MAC, proxy: Proxy(), se:cdp: ws://localhost:55125/devtoo..., se:cdpVersion: 107.0.5304.87, setWindowRect: true, strictFileInteractability: false, timeouts: {implicit: 0, pageLoad: 300000, script: 30000}, unhandledPromptBehavior: dismiss and notify, webauthn:extension:credBlob: true, webauthn:extension:largeBlob: true, webauthn:virtualAuthenticators: true}&#10;Session ID: 8fb4a5d1d358d47da4f520b606a85756" type="org.openqa.selenium.NoSuchElementException">org.openqa.selenium.NoSuchElementException: 
no such element: Unable to locate element: {"method":"xpath","selector":"//select[@id='D6']"}
  (Session info: chrome=107.0.5304.87)
For documentation on this error, please visit: https://selenium.dev/exceptions/#no_such_element
Build info: version: '4.4.0', revision: 'e5c75ed026a'
System info: host: 'GE00371M.lan', ip: '2001:7d0:82c0:ef00:5c8f:3943:fecb:df8%en0', os.name: 'Mac OS X', os.arch: 'x86_64', os.version: '11.6.8', java.version: '1.8.0_341'
Driver info: org.openqa.selenium.chrome.ChromeDriver
Command: [8fb4a5d1d358d47da4f520b606a85756, findElement {using=xpath, value=//select[@id='D6']}]
Capabilities {acceptInsecureCerts: false, browserName: chrome, browserVersion: 107.0.5304.87, chrome: {chromedriverVersion: 107.0.5304.62 (1eec40d3a576..., userDataDir: /var/folders/0m/fvmjrzt11z5...}, goog:chromeOptions: {debuggerAddress: localhost:55125}, networkConnectionEnabled: false, pageLoadStrategy: normal, platformName: MAC, proxy: Proxy(), se:cdp: ws://localhost:55125/devtoo..., se:cdpVersion: 107.0.5304.87, setWindowRect: true, strictFileInteractability: false, timeouts: {implicit: 0, pageLoad: 300000, script: 30000}, unhandledPromptBehavior: dismiss and notify, webauthn:extension:credBlob: true, webauthn:extension:largeBlob: true, webauthn:virtualAuthenticators: true}
Session ID: 8fb4a5d1d358d47da4f520b606a85756
	at com.swedbank.factoring.automation.testcases.Test_FactoringCalculator.sectionDefaultValidations(Test_FactoringCalculator.java:20)
</failure>
    <system-err><![CDATA[Starting ChromeDriver 107.0.5304.62 (1eec40d3a5764881c92085aaee66d25075c159aa-refs/branch-heads/5304@{#942}) on port 61552
Only local connections are allowed.
Please see https://chromedriver.chromium.org/security-considerations for suggestions on keeping ChromeDriver safe.
ChromeDriver was started successfully.
Starting ChromeDriver 107.0.5304.62 (1eec40d3a5764881c92085aaee66d25075c159aa-refs/branch-heads/5304@{#942}) on port 56988
Only local connections are allowed.
Please see https://chromedriver.chromium.org/security-considerations for suggestions on keeping ChromeDriver safe.
ChromeDriver was started successfully.
Nov 10, 2022 1:40:50 AM org.openqa.selenium.remote.ProtocolHandshake createSession
INFO: Detected upstream dialect: W3C
Nov 10, 2022 1:40:50 AM org.openqa.selenium.devtools.CdpVersionFinder findNearestMatch
WARNING: Unable to find an exact match for CDP version 107, so returning the closest version found: 104
Nov 10, 2022 1:40:50 AM org.openqa.selenium.devtools.CdpVersionFinder findNearestMatch
INFO: Found CDP implementation for version 107 of 104
Nov 10, 2022 1:40:51 AM org.openqa.selenium.remote.ProtocolHandshake createSession
INFO: Detected upstream dialect: W3C
Nov 10, 2022 1:40:51 AM org.openqa.selenium.devtools.CdpVersionFinder findNearestMatch
WARNING: Unable to find an exact match for CDP version 107, so returning the closest version found: 104
Nov 10, 2022 1:40:51 AM org.openqa.selenium.devtools.CdpVersionFinder findNearestMatch
INFO: Found CDP implementation for version 107 of 104
Nov 10, 2022 1:40:54 AM org.openqa.selenium.remote.ProtocolHandshake createSession
INFO: Detected upstream dialect: W3C
Nov 10, 2022 1:40:54 AM org.openqa.selenium.devtools.CdpVersionFinder findNearestMatch
WARNING: Unable to find an exact match for CDP version 107, so returning the closest version found: 104
Nov 10, 2022 1:40:54 AM org.openqa.selenium.devtools.CdpVersionFinder findNearestMatch
INFO: Found CDP implementation for version 107 of 104
Nov 10, 2022 1:40:54 AM org.openqa.selenium.remote.ProtocolHandshake createSession
INFO: Detected upstream dialect: W3C
Nov 10, 2022 1:40:54 AM org.openqa.selenium.devtools.CdpVersionFinder findNearestMatch
WARNING: Unable to find an exact match for CDP version 107, so returning the closest version found: 104
Nov 10, 2022 1:40:54 AM org.openqa.selenium.devtools.CdpVersionFinder findNearestMatch
INFO: Found CDP implementation for version 107 of 104
]]></system-err>
  </testcase>
  <testcase name="interestRateAboveLimitsValidation" classname="com.swedbank.factoring.automation.testcases.Test_FactoringCalculator" time="0.828"/>
  <testcase name="interestRateEmptyValidation" classname="com.swedbank.factoring.automation.testcases.Test_FactoringCalculator" time="2.564"/>
  <testcase name="becomeACustomer" classname="com.swedbank.factoring.automation.testcases.Test_LandingPage" time="3.66"/>
  <testcase name="navigatingTabs" classname="com.swedbank.factoring.automation.testcases.Test_LandingPage" time="4.578"/>
  <testcase name="commissionFeesAlphaNumericValidation" classname="com.swedbank.factoring.automation.testcases.Test_FactoringCalculator" time="0.993"/>
  <testcase name="paymentTermValidation" classname="com.swedbank.factoring.automation.testcases.Test_FactoringCalculator" time="0.055"/>
  <testcase name="applyButtonValidation" classname="com.swedbank.factoring.automation.testcases.Test_FactoringCalculator" time="0.218"/>
  <testcase name="docAndFeesTabGeneralConditionsValidation" classname="com.swedbank.factoring.automation.testcases.Test_FactoringCalculator" time="0.825"/>
  <testcase name="howToApplyTabValidation" classname="com.swedbank.factoring.automation.testcases.Test_FactoringCalculator" time="1.903"/>
  <testcase name="docAndFeesInvoiceListValidation" classname="com.swedbank.factoring.automation.testcases.Test_FactoringCalculator" time="3.176"/>
  <testcase name="docAndfeesClaimDocValidation" classname="com.swedbank.factoring.automation.testcases.Test_FactoringCalculator" time="4.356"/>
</testsuite>