<?xml version="1.0" encoding="UTF-8"?>
<testng-results skipped="0" failed="2" ignored="3" total="25" passed="20">
  <reporter-output>
  </reporter-output>
  <suite name="FactoringTestSuite" duration-ms="65684" started-at="2022-11-10T07:36:40 EET" finished-at="2022-11-10T07:37:46 EET">
    <groups>
    </groups>
    <test name="FactoringPageTests" duration-ms="65684" started-at="2022-11-10T07:36:40 EET" finished-at="2022-11-10T07:37:46 EET">
      <class name="com.swedbank.factoring.automation.testcases.Test_FactoringCalculator">
        <test-method status="PASS" signature="setup()[pri:0, instance:com.swedbank.factoring.automation.testcases.Test_FactoringCalculator@319b92f3]" name="setup" is-config="true" duration-ms="19624" started-at="2022-11-10T07:36:40 EET" finished-at="2022-11-10T07:37:00 EET">
          <reporter-output>
          </reporter-output>
        </test-method> <!-- setup -->
        <test-method status="PASS" signature="setup()[pri:0, instance:com.swedbank.factoring.automation.testcases.Test_FactoringCalculator@319b92f3]" name="setup" is-config="true" duration-ms="14012" started-at="2022-11-10T07:36:40 EET" finished-at="2022-11-10T07:36:54 EET">
          <reporter-output>
          </reporter-output>
        </test-method> <!-- setup -->
        <test-method status="PASS" signature="setup()[pri:0, instance:com.swedbank.factoring.automation.testcases.Test_FactoringCalculator@319b92f3]" name="setup" is-config="true" duration-ms="12780" started-at="2022-11-10T07:36:40 EET" finished-at="2022-11-10T07:36:53 EET">
          <reporter-output>
          </reporter-output>
        </test-method> <!-- setup -->
        <test-method status="FAIL" signature="invoiceAmountAplhaNumericValidation()[pri:8, instance:com.swedbank.factoring.automation.testcases.Test_FactoringCalculator@319b92f3]" name="invoiceAmountAplhaNumericValidation" duration-ms="32809" started-at="2022-11-10T07:36:53 EET" finished-at="2022-11-10T07:37:26 EET">
          <exception class="org.openqa.selenium.NoSuchElementException">
            <message>
              <![CDATA[no such element: Unable to locate element: {"method":"xpath","selector":"//div[@class='error validation-message']"}
  (Session info: chrome=107.0.5304.87)
For documentation on this error, please visit: https://selenium.dev/exceptions/#no_such_element
Build info: version: '4.4.0', revision: 'e5c75ed026a'
System info: host: 'GE00371M.local', ip: '2001:7d0:82c0:ef00:bc64:203f:93fd:4f57%en0', os.name: 'Mac OS X', os.arch: 'x86_64', os.version: '11.6.8', java.version: '1.8.0_341'
Driver info: org.openqa.selenium.chrome.ChromeDriver
Command: [e75d607e7735a1a55f7ecd0c2a73d201, findElement {using=xpath, value=//div[@class='error validation-message']}]
Capabilities {acceptInsecureCerts: false, browserName: chrome, browserVersion: 107.0.5304.87, chrome: {chromedriverVersion: 107.0.5304.62 (1eec40d3a576..., userDataDir: /var/folders/0m/fvmjrzt11z5...}, goog:chromeOptions: {debuggerAddress: localhost:49527}, networkConnectionEnabled: false, pageLoadStrategy: normal, platformName: MAC, proxy: Proxy(), se:cdp: ws://localhost:49527/devtoo..., se:cdpVersion: 107.0.5304.87, setWindowRect: true, strictFileInteractability: false, timeouts: {implicit: 0, pageLoad: 300000, script: 30000}, unhandledPromptBehavior: dismiss and notify, webauthn:extension:credBlob: true, webauthn:extension:largeBlob: true, webauthn:virtualAuthenticators: true}
Session ID: e75d607e7735a1a55f7ecd0c2a73d201]]>
            </message>
            <full-stacktrace>
              <![CDATA[org.openqa.selenium.NoSuchElementException: no such element: Unable to locate element: {"method":"xpath","selector":"//div[@class='error validation-message']"}
  (Session info: chrome=107.0.5304.87)
For documentation on this error, please visit: https://selenium.dev/exceptions/#no_such_element
Build info: version: '4.4.0', revision: 'e5c75ed026a'
System info: host: 'GE00371M.local', ip: '2001:7d0:82c0:ef00:bc64:203f:93fd:4f57%en0', os.name: 'Mac OS X', os.arch: 'x86_64', os.version: '11.6.8', java.version: '1.8.0_341'
Driver info: org.openqa.selenium.chrome.ChromeDriver
Command: [e75d607e7735a1a55f7ecd0c2a73d201, findElement {using=xpath, value=//div[@class='error validation-message']}]
Capabilities {acceptInsecureCerts: false, browserName: chrome, browserVersion: 107.0.5304.87, chrome: {chromedriverVersion: 107.0.5304.62 (1eec40d3a576..., userDataDir: /var/folders/0m/fvmjrzt11z5...}, goog:chromeOptions: {debuggerAddress: localhost:49527}, networkConnectionEnabled: false, pageLoadStrategy: normal, platformName: MAC, proxy: Proxy(), se:cdp: ws://localhost:49527/devtoo..., se:cdpVersion: 107.0.5304.87, setWindowRect: true, strictFileInteractability: false, timeouts: {implicit: 0, pageLoad: 300000, script: 30000}, unhandledPromptBehavior: dismiss and notify, webauthn:extension:credBlob: true, webauthn:extension:largeBlob: true, webauthn:virtualAuthenticators: true}
Session ID: e75d607e7735a1a55f7ecd0c2a73d201
at sun.reflect.NativeConstructorAccessorImpl.newInstance0(Native Method)
at sun.reflect.NativeConstructorAccessorImpl.newInstance(NativeConstructorAccessorImpl.java:62)
at sun.reflect.DelegatingConstructorAccessorImpl.newInstance(DelegatingConstructorAccessorImpl.java:45)
at java.lang.reflect.Constructor.newInstance(Constructor.java:423)
at org.openqa.selenium.remote.codec.w3c.W3CHttpResponseCodec.createException(W3CHttpResponseCodec.java:200)
at org.openqa.selenium.remote.codec.w3c.W3CHttpResponseCodec.decode(W3CHttpResponseCodec.java:133)
at org.openqa.selenium.remote.codec.w3c.W3CHttpResponseCodec.decode(W3CHttpResponseCodec.java:53)
at org.openqa.selenium.remote.HttpCommandExecutor.execute(HttpCommandExecutor.java:184)
at org.openqa.selenium.remote.service.DriverCommandExecutor.invokeExecute(DriverCommandExecutor.java:167)
at org.openqa.selenium.remote.service.DriverCommandExecutor.execute(DriverCommandExecutor.java:142)
at org.openqa.selenium.remote.RemoteWebDriver.execute(RemoteWebDriver.java:547)
at org.openqa.selenium.remote.ElementLocation$ElementFinder$2.findElement(ElementLocation.java:162)
at org.openqa.selenium.remote.ElementLocation.findElement(ElementLocation.java:60)
at org.openqa.selenium.remote.RemoteWebDriver.findElement(RemoteWebDriver.java:365)
at org.openqa.selenium.remote.RemoteWebDriver.findElement(RemoteWebDriver.java:357)
at org.openqa.selenium.support.pagefactory.DefaultElementLocator.findElement(DefaultElementLocator.java:70)
at org.openqa.selenium.support.pagefactory.internal.LocatingElementHandler.invoke(LocatingElementHandler.java:39)
at com.sun.proxy.$Proxy15.getText(Unknown Source)
at com.swedbank.factoring.automation.pages.FactoringCalculatorPage.invoiceAmountAplhaNumericValidation(FactoringCalculatorPage.java:141)
at com.swedbank.factoring.automation.testcases.Test_FactoringCalculator.invoiceAmountAplhaNumericValidation(Test_FactoringCalculator.java:35)
at sun.reflect.NativeMethodAccessorImpl.invoke0(Native Method)
at sun.reflect.NativeMethodAccessorImpl.invoke(NativeMethodAccessorImpl.java:62)
at sun.reflect.DelegatingMethodAccessorImpl.invoke(DelegatingMethodAccessorImpl.java:43)
at java.lang.reflect.Method.invoke(Method.java:498)
at org.testng.internal.MethodInvocationHelper.invokeMethod(MethodInvocationHelper.java:133)
at org.testng.internal.TestInvoker.invokeMethod(TestInvoker.java:598)
at org.testng.internal.TestInvoker.invokeTestMethod(TestInvoker.java:173)
at org.testng.internal.MethodRunner.runInSequence(MethodRunner.java:46)
at org.testng.internal.TestInvoker$MethodInvocationAgent.invoke(TestInvoker.java:824)
at org.testng.internal.TestInvoker.invokeTestMethods(TestInvoker.java:146)
at org.testng.internal.TestMethodWorker.invokeTestMethods(TestMethodWorker.java:146)
at org.testng.internal.TestMethodWorker.run(TestMethodWorker.java:128)
at java.util.concurrent.ThreadPoolExecutor.runWorker(ThreadPoolExecutor.java:1149)
at java.util.concurrent.ThreadPoolExecutor$Worker.run(ThreadPoolExecutor.java:624)
at java.lang.Thread.run(Thread.java:750)
]]>
            </full-stacktrace>
          </exception> <!-- org.openqa.selenium.NoSuchElementException -->
          <reporter-output>
          </reporter-output>
        </test-method> <!-- invoiceAmountAplhaNumericValidation -->
        <test-method status="FAIL" signature="invoiceAmountEmptyValidation()[pri:9, instance:com.swedbank.factoring.automation.testcases.Test_FactoringCalculator@319b92f3]" name="invoiceAmountEmptyValidation" duration-ms="376" started-at="2022-11-10T07:36:54 EET" finished-at="2022-11-10T07:36:55 EET">
          <exception class="org.openqa.selenium.interactions.MoveTargetOutOfBoundsException">
            <message>
              <![CDATA[move target out of bounds
  (Session info: chrome=107.0.5304.87)
Build info: version: '4.4.0', revision: 'e5c75ed026a'
System info: host: 'GE00371M.local', ip: '2001:7d0:82c0:ef00:bc64:203f:93fd:4f57%en0', os.name: 'Mac OS X', os.arch: 'x86_64', os.version: '11.6.8', java.version: '1.8.0_341'
Driver info: org.openqa.selenium.chrome.ChromeDriver
Command: [56ec7b0e73c8f4b45dd8856ffc508b85, actions {actions=[org.openqa.selenium.interactions.Sequence@12454a4b]}]
Capabilities {acceptInsecureCerts: false, browserName: chrome, browserVersion: 107.0.5304.87, chrome: {chromedriverVersion: 107.0.5304.62 (1eec40d3a576..., userDataDir: /var/folders/0m/fvmjrzt11z5...}, goog:chromeOptions: {debuggerAddress: localhost:49542}, networkConnectionEnabled: false, pageLoadStrategy: normal, platformName: MAC, proxy: Proxy(), se:cdp: ws://localhost:49542/devtoo..., se:cdpVersion: 107.0.5304.87, setWindowRect: true, strictFileInteractability: false, timeouts: {implicit: 0, pageLoad: 300000, script: 30000}, unhandledPromptBehavior: dismiss and notify, webauthn:extension:credBlob: true, webauthn:extension:largeBlob: true, webauthn:virtualAuthenticators: true}
Session ID: 56ec7b0e73c8f4b45dd8856ffc508b85]]>
            </message>
            <full-stacktrace>
              <![CDATA[org.openqa.selenium.interactions.MoveTargetOutOfBoundsException: move target out of bounds
  (Session info: chrome=107.0.5304.87)
Build info: version: '4.4.0', revision: 'e5c75ed026a'
System info: host: 'GE00371M.local', ip: '2001:7d0:82c0:ef00:bc64:203f:93fd:4f57%en0', os.name: 'Mac OS X', os.arch: 'x86_64', os.version: '11.6.8', java.version: '1.8.0_341'
Driver info: org.openqa.selenium.chrome.ChromeDriver
Command: [56ec7b0e73c8f4b45dd8856ffc508b85, actions {actions=[org.openqa.selenium.interactions.Sequence@12454a4b]}]
Capabilities {acceptInsecureCerts: false, browserName: chrome, browserVersion: 107.0.5304.87, chrome: {chromedriverVersion: 107.0.5304.62 (1eec40d3a576..., userDataDir: /var/folders/0m/fvmjrzt11z5...}, goog:chromeOptions: {debuggerAddress: localhost:49542}, networkConnectionEnabled: false, pageLoadStrategy: normal, platformName: MAC, proxy: Proxy(), se:cdp: ws://localhost:49542/devtoo..., se:cdpVersion: 107.0.5304.87, setWindowRect: true, strictFileInteractability: false, timeouts: {implicit: 0, pageLoad: 300000, script: 30000}, unhandledPromptBehavior: dismiss and notify, webauthn:extension:credBlob: true, webauthn:extension:largeBlob: true, webauthn:virtualAuthenticators: true}
Session ID: 56ec7b0e73c8f4b45dd8856ffc508b85
at sun.reflect.NativeConstructorAccessorImpl.newInstance0(Native Method)
at sun.reflect.NativeConstructorAccessorImpl.newInstance(NativeConstructorAccessorImpl.java:62)
at sun.reflect.DelegatingConstructorAccessorImpl.newInstance(DelegatingConstructorAccessorImpl.java:45)
at java.lang.reflect.Constructor.newInstance(Constructor.java:423)
at org.openqa.selenium.remote.codec.w3c.W3CHttpResponseCodec.createException(W3CHttpResponseCodec.java:200)
at org.openqa.selenium.remote.codec.w3c.W3CHttpResponseCodec.decode(W3CHttpResponseCodec.java:133)
at org.openqa.selenium.remote.codec.w3c.W3CHttpResponseCodec.decode(W3CHttpResponseCodec.java:53)
at org.openqa.selenium.remote.HttpCommandExecutor.execute(HttpCommandExecutor.java:184)
at org.openqa.selenium.remote.service.DriverCommandExecutor.invokeExecute(DriverCommandExecutor.java:167)
at org.openqa.selenium.remote.service.DriverCommandExecutor.execute(DriverCommandExecutor.java:142)
at org.openqa.selenium.remote.RemoteWebDriver.execute(RemoteWebDriver.java:547)
at org.openqa.selenium.remote.RemoteWebDriver.perform(RemoteWebDriver.java:615)
at org.openqa.selenium.interactions.Actions$BuiltAction.perform(Actions.java:567)
at org.openqa.selenium.interactions.Actions.perform(Actions.java:536)
at com.swedbank.factoring.automation.pages.FactoringCalculatorPage.invoiceAmountEmptyValidation(FactoringCalculatorPage.java:150)
at com.swedbank.factoring.automation.testcases.Test_FactoringCalculator.invoiceAmountEmptyValidation(Test_FactoringCalculator.java:45)
at sun.reflect.NativeMethodAccessorImpl.invoke0(Native Method)
at sun.reflect.NativeMethodAccessorImpl.invoke(NativeMethodAccessorImpl.java:62)
at sun.reflect.DelegatingMethodAccessorImpl.invoke(DelegatingMethodAccessorImpl.java:43)
at java.lang.reflect.Method.invoke(Method.java:498)
at org.testng.internal.MethodInvocationHelper.invokeMethod(MethodInvocationHelper.java:133)
at org.testng.internal.TestInvoker.invokeMethod(TestInvoker.java:598)
at org.testng.internal.TestInvoker.invokeTestMethod(TestInvoker.java:173)
at org.testng.internal.MethodRunner.runInSequence(MethodRunner.java:46)
at org.testng.internal.TestInvoker$MethodInvocationAgent.invoke(TestInvoker.java:824)
at org.testng.internal.TestInvoker.invokeTestMethods(TestInvoker.java:146)
at org.testng.internal.TestMethodWorker.invokeTestMethods(TestMethodWorker.java:146)
at org.testng.internal.TestMethodWorker.run(TestMethodWorker.java:128)
at java.util.concurrent.ThreadPoolExecutor.runWorker(ThreadPoolExecutor.java:1149)
at java.util.concurrent.ThreadPoolExecutor$Worker.run(ThreadPoolExecutor.java:624)
at java.lang.Thread.run(Thread.java:750)
]]>
            </full-stacktrace>
          </exception> <!-- org.openqa.selenium.interactions.MoveTargetOutOfBoundsException -->
          <reporter-output>
          </reporter-output>
        </test-method> <!-- invoiceAmountEmptyValidation -->
        <test-method status="PASS" signature="tearDown(org.testng.ITestResult)[pri:0, instance:com.swedbank.factoring.automation.testcases.Test_FactoringCalculator@319b92f3]" name="tearDown" is-config="true" duration-ms="7997" started-at="2022-11-10T07:36:56 EET" finished-at="2022-11-10T07:37:04 EET">
          <params>
            <param index="0">
              <value>
                <![CDATA[[TestResult name=invoiceAmountEmptyValidation status=FAILURE method=Test_FactoringCalculator.invoiceAmountEmptyValidation()[pri:9, instance:com.swedbank.factoring.automation.testcases.Test_FactoringCalculator@319b92f3] output={null}]]]>
              </value>
            </param>
          </params>
          <reporter-output>
          </reporter-output>
        </test-method> <!-- tearDown -->
        <test-method status="PASS" signature="sectionDefaultValidations()[pri:7, instance:com.swedbank.factoring.automation.testcases.Test_FactoringCalculator@319b92f3]" name="sectionDefaultValidations" duration-ms="3436" started-at="2022-11-10T07:37:00 EET" finished-at="2022-11-10T07:37:03 EET">
          <reporter-output>
          </reporter-output>
        </test-method> <!-- sectionDefaultValidations -->
        <test-method status="PASS" signature="setup()[pri:0, instance:com.swedbank.factoring.automation.testcases.Test_FactoringCalculator@319b92f3]" name="setup" is-config="true" duration-ms="9814" started-at="2022-11-10T07:37:03 EET" finished-at="2022-11-10T07:37:13 EET">
          <reporter-output>
          </reporter-output>
        </test-method> <!-- setup -->
        <test-method status="PASS" signature="tearDown(org.testng.ITestResult)[pri:0, instance:com.swedbank.factoring.automation.testcases.Test_FactoringCalculator@319b92f3]" name="tearDown" is-config="true" duration-ms="854" started-at="2022-11-10T07:37:03 EET" finished-at="2022-11-10T07:37:04 EET">
          <params>
            <param index="0">
              <value>
                <![CDATA[[TestResult name=sectionDefaultValidations status=SUCCESS method=Test_FactoringCalculator.sectionDefaultValidations()[pri:7, instance:com.swedbank.factoring.automation.testcases.Test_FactoringCalculator@319b92f3] output={null}]]]>
              </value>
            </param>
          </params>
          <reporter-output>
          </reporter-output>
        </test-method> <!-- tearDown -->
        <test-method status="PASS" signature="setup()[pri:0, instance:com.swedbank.factoring.automation.testcases.Test_FactoringCalculator@319b92f3]" name="setup" is-config="true" duration-ms="8000" started-at="2022-11-10T07:37:04 EET" finished-at="2022-11-10T07:37:12 EET">
          <reporter-output>
          </reporter-output>
        </test-method> <!-- setup -->
        <test-method status="PASS" signature="setup()[pri:0, instance:com.swedbank.factoring.automation.testcases.Test_FactoringCalculator@319b92f3]" name="setup" is-config="true" duration-ms="11819" started-at="2022-11-10T07:37:04 EET" finished-at="2022-11-10T07:37:16 EET">
          <reporter-output>
          </reporter-output>
        </test-method> <!-- setup -->
        <test-method status="PASS" signature="setup()[pri:0, instance:com.swedbank.factoring.automation.testcases.Test_FactoringCalculator@319b92f3]" name="setup" is-config="true" duration-ms="15094" started-at="2022-11-10T07:37:11 EET" finished-at="2022-11-10T07:37:26 EET">
          <reporter-output>
          </reporter-output>
        </test-method> <!-- setup -->
        <test-method status="PASS" signature="advanceRateValidation()[pri:11, instance:com.swedbank.factoring.automation.testcases.Test_FactoringCalculator@319b92f3]" name="advanceRateValidation" duration-ms="1450" started-at="2022-11-10T07:37:12 EET" finished-at="2022-11-10T07:37:13 EET">
          <reporter-output>
          </reporter-output>
        </test-method> <!-- advanceRateValidation -->
        <test-method status="PASS" signature="setup()[pri:0, instance:com.swedbank.factoring.automation.testcases.Test_FactoringCalculator@319b92f3]" name="setup" is-config="true" duration-ms="16588" started-at="2022-11-10T07:37:13 EET" finished-at="2022-11-10T07:37:30 EET">
          <reporter-output>
          </reporter-output>
        </test-method> <!-- setup -->
        <test-method status="PASS" signature="tearDown(org.testng.ITestResult)[pri:0, instance:com.swedbank.factoring.automation.testcases.Test_FactoringCalculator@319b92f3]" name="tearDown" is-config="true" duration-ms="1823" started-at="2022-11-10T07:37:13 EET" finished-at="2022-11-10T07:37:15 EET">
          <params>
            <param index="0">
              <value>
                <![CDATA[[TestResult name=advanceRateValidation status=SUCCESS method=Test_FactoringCalculator.advanceRateValidation()[pri:11, instance:com.swedbank.factoring.automation.testcases.Test_FactoringCalculator@319b92f3] output={null}]]]>
              </value>
            </param>
          </params>
          <reporter-output>
          </reporter-output>
        </test-method> <!-- tearDown -->
        <test-method status="PASS" signature="invoiceAmountZeroValidation()[pri:10, instance:com.swedbank.factoring.automation.testcases.Test_FactoringCalculator@319b92f3]" name="invoiceAmountZeroValidation" duration-ms="1615" started-at="2022-11-10T07:37:13 EET" finished-at="2022-11-10T07:37:15 EET">
          <reporter-output>
          </reporter-output>
        </test-method> <!-- invoiceAmountZeroValidation -->
        <test-method status="PASS" signature="setup()[pri:0, instance:com.swedbank.factoring.automation.testcases.Test_FactoringCalculator@319b92f3]" name="setup" is-config="true" duration-ms="14744" started-at="2022-11-10T07:37:13 EET" finished-at="2022-11-10T07:37:28 EET">
          <reporter-output>
          </reporter-output>
        </test-method> <!-- setup -->
        <test-method status="PASS" signature="tearDown(org.testng.ITestResult)[pri:0, instance:com.swedbank.factoring.automation.testcases.Test_FactoringCalculator@319b92f3]" name="tearDown" is-config="true" duration-ms="1585" started-at="2022-11-10T07:37:15 EET" finished-at="2022-11-10T07:37:16 EET">
          <params>
            <param index="0">
              <value>
                <![CDATA[[TestResult name=invoiceAmountZeroValidation status=SUCCESS method=Test_FactoringCalculator.invoiceAmountZeroValidation()[pri:10, instance:com.swedbank.factoring.automation.testcases.Test_FactoringCalculator@319b92f3] output={null}]]]>
              </value>
            </param>
          </params>
          <reporter-output>
          </reporter-output>
        </test-method> <!-- tearDown -->
        <test-method status="PASS" signature="setup()[pri:0, instance:com.swedbank.factoring.automation.testcases.Test_FactoringCalculator@319b92f3]" name="setup" is-config="true" duration-ms="13585" started-at="2022-11-10T07:37:15 EET" finished-at="2022-11-10T07:37:29 EET">
          <reporter-output>
          </reporter-output>
        </test-method> <!-- setup -->
        <test-method status="PASS" signature="interestRateAlphaNumericValidation()[pri:12, instance:com.swedbank.factoring.automation.testcases.Test_FactoringCalculator@319b92f3]" name="interestRateAlphaNumericValidation" duration-ms="1471" started-at="2022-11-10T07:37:16 EET" finished-at="2022-11-10T07:37:17 EET">
          <reporter-output>
          </reporter-output>
        </test-method> <!-- interestRateAlphaNumericValidation -->
        <test-method status="PASS" signature="setup()[pri:0, instance:com.swedbank.factoring.automation.testcases.Test_FactoringCalculator@319b92f3]" name="setup" is-config="true" duration-ms="16787" started-at="2022-11-10T07:37:16 EET" finished-at="2022-11-10T07:37:33 EET">
          <reporter-output>
          </reporter-output>
        </test-method> <!-- setup -->
        <test-method status="PASS" signature="tearDown(org.testng.ITestResult)[pri:0, instance:com.swedbank.factoring.automation.testcases.Test_FactoringCalculator@319b92f3]" name="tearDown" is-config="true" duration-ms="1219" started-at="2022-11-10T07:37:17 EET" finished-at="2022-11-10T07:37:19 EET">
          <params>
            <param index="0">
              <value>
                <![CDATA[[TestResult name=interestRateAlphaNumericValidation status=SUCCESS method=Test_FactoringCalculator.interestRateAlphaNumericValidation()[pri:12, instance:com.swedbank.factoring.automation.testcases.Test_FactoringCalculator@319b92f3] output={null}]]]>
              </value>
            </param>
          </params>
          <reporter-output>
          </reporter-output>
        </test-method> <!-- tearDown -->
        <test-method status="PASS" signature="setup()[pri:0, instance:com.swedbank.factoring.automation.testcases.Test_FactoringCalculator@319b92f3]" name="setup" is-config="true" duration-ms="18475" started-at="2022-11-10T07:37:18 EET" finished-at="2022-11-10T07:37:36 EET">
          <reporter-output>
          </reporter-output>
        </test-method> <!-- setup -->
        <test-method status="PASS" signature="setup()[pri:0, instance:com.swedbank.factoring.automation.testcases.Test_FactoringCalculator@319b92f3]" name="setup" is-config="true" duration-ms="15447" started-at="2022-11-10T07:37:19 EET" finished-at="2022-11-10T07:37:34 EET">
          <reporter-output>
          </reporter-output>
        </test-method> <!-- setup -->
        <test-method status="PASS" signature="interestRateEmptyValidation()[pri:13, instance:com.swedbank.factoring.automation.testcases.Test_FactoringCalculator@319b92f3]" name="interestRateEmptyValidation" duration-ms="1494" started-at="2022-11-10T07:37:26 EET" finished-at="2022-11-10T07:37:27 EET">
          <reporter-output>
          </reporter-output>
        </test-method> <!-- interestRateEmptyValidation -->
        <test-method status="PASS" signature="tearDown(org.testng.ITestResult)[pri:0, instance:com.swedbank.factoring.automation.testcases.Test_FactoringCalculator@319b92f3]" name="tearDown" is-config="true" duration-ms="1144" started-at="2022-11-10T07:37:26 EET" finished-at="2022-11-10T07:37:27 EET">
          <params>
            <param index="0">
              <value>
                <![CDATA[[TestResult name=invoiceAmountAplhaNumericValidation status=FAILURE method=Test_FactoringCalculator.invoiceAmountAplhaNumericValidation()[pri:8, instance:com.swedbank.factoring.automation.testcases.Test_FactoringCalculator@319b92f3] output={null}]]]>
              </value>
            </param>
          </params>
          <reporter-output>
          </reporter-output>
        </test-method> <!-- tearDown -->
        <test-method status="PASS" signature="setup()[pri:0, instance:com.swedbank.factoring.automation.testcases.Test_FactoringCalculator@319b92f3]" name="setup" is-config="true" duration-ms="13220" started-at="2022-11-10T07:37:27 EET" finished-at="2022-11-10T07:37:40 EET">
          <reporter-output>
          </reporter-output>
        </test-method> <!-- setup -->
        <test-method status="PASS" signature="tearDown(org.testng.ITestResult)[pri:0, instance:com.swedbank.factoring.automation.testcases.Test_FactoringCalculator@319b92f3]" name="tearDown" is-config="true" duration-ms="2738" started-at="2022-11-10T07:37:27 EET" finished-at="2022-11-10T07:37:30 EET">
          <params>
            <param index="0">
              <value>
                <![CDATA[[TestResult name=interestRateEmptyValidation status=SUCCESS method=Test_FactoringCalculator.interestRateEmptyValidation()[pri:13, instance:com.swedbank.factoring.automation.testcases.Test_FactoringCalculator@319b92f3] output={null}]]]>
              </value>
            </param>
          </params>
          <reporter-output>
          </reporter-output>
        </test-method> <!-- tearDown -->
        <test-method status="PASS" signature="paymentTermValidation()[pri:15, instance:com.swedbank.factoring.automation.testcases.Test_FactoringCalculator@319b92f3]" name="paymentTermValidation" duration-ms="1112" started-at="2022-11-10T07:37:28 EET" finished-at="2022-11-10T07:37:29 EET">
          <reporter-output>
          </reporter-output>
        </test-method> <!-- paymentTermValidation -->
        <test-method status="PASS" signature="commissionFeesAlphaNumericValidation()[pri:16, instance:com.swedbank.factoring.automation.testcases.Test_FactoringCalculator@319b92f3]" name="commissionFeesAlphaNumericValidation" duration-ms="1656" started-at="2022-11-10T07:37:29 EET" finished-at="2022-11-10T07:37:30 EET">
          <reporter-output>
          </reporter-output>
        </test-method> <!-- commissionFeesAlphaNumericValidation -->
        <test-method status="PASS" signature="tearDown(org.testng.ITestResult)[pri:0, instance:com.swedbank.factoring.automation.testcases.Test_FactoringCalculator@319b92f3]" name="tearDown" is-config="true" duration-ms="1217" started-at="2022-11-10T07:37:29 EET" finished-at="2022-11-10T07:37:30 EET">
          <params>
            <param index="0">
              <value>
                <![CDATA[[TestResult name=paymentTermValidation status=SUCCESS method=Test_FactoringCalculator.paymentTermValidation()[pri:15, instance:com.swedbank.factoring.automation.testcases.Test_FactoringCalculator@319b92f3] output={null}]]]>
              </value>
            </param>
          </params>
          <reporter-output>
          </reporter-output>
        </test-method> <!-- tearDown -->
        <test-method status="PASS" signature="interestRateAboveLimitsValidation()[pri:14, instance:com.swedbank.factoring.automation.testcases.Test_FactoringCalculator@319b92f3]" name="interestRateAboveLimitsValidation" duration-ms="1386" started-at="2022-11-10T07:37:30 EET" finished-at="2022-11-10T07:37:31 EET">
          <reporter-output>
          </reporter-output>
        </test-method> <!-- interestRateAboveLimitsValidation -->
        <test-method status="PASS" signature="setup()[pri:0, instance:com.swedbank.factoring.automation.testcases.Test_FactoringCalculator@319b92f3]" name="setup" is-config="true" duration-ms="10351" started-at="2022-11-10T07:37:30 EET" finished-at="2022-11-10T07:37:40 EET">
          <reporter-output>
          </reporter-output>
        </test-method> <!-- setup -->
        <test-method status="PASS" signature="tearDown(org.testng.ITestResult)[pri:0, instance:com.swedbank.factoring.automation.testcases.Test_FactoringCalculator@319b92f3]" name="tearDown" is-config="true" duration-ms="2980" started-at="2022-11-10T07:37:30 EET" finished-at="2022-11-10T07:37:33 EET">
          <params>
            <param index="0">
              <value>
                <![CDATA[[TestResult name=commissionFeesAlphaNumericValidation status=SUCCESS method=Test_FactoringCalculator.commissionFeesAlphaNumericValidation()[pri:16, instance:com.swedbank.factoring.automation.testcases.Test_FactoringCalculator@319b92f3] output={null}]]]>
              </value>
            </param>
          </params>
          <reporter-output>
          </reporter-output>
        </test-method> <!-- tearDown -->
        <test-method status="PASS" signature="tearDown(org.testng.ITestResult)[pri:0, instance:com.swedbank.factoring.automation.testcases.Test_FactoringCalculator@319b92f3]" name="tearDown" is-config="true" duration-ms="2508" started-at="2022-11-10T07:37:31 EET" finished-at="2022-11-10T07:37:34 EET">
          <params>
            <param index="0">
              <value>
                <![CDATA[[TestResult name=interestRateAboveLimitsValidation status=SUCCESS method=Test_FactoringCalculator.interestRateAboveLimitsValidation()[pri:14, instance:com.swedbank.factoring.automation.testcases.Test_FactoringCalculator@319b92f3] output={null}]]]>
              </value>
            </param>
          </params>
          <reporter-output>
          </reporter-output>
        </test-method> <!-- tearDown -->
        <test-method status="PASS" signature="applyButtonValidation()[pri:18, instance:com.swedbank.factoring.automation.testcases.Test_FactoringCalculator@319b92f3]" name="applyButtonValidation" duration-ms="1694" started-at="2022-11-10T07:37:33 EET" finished-at="2022-11-10T07:37:35 EET">
          <reporter-output>
          </reporter-output>
        </test-method> <!-- applyButtonValidation -->
        <test-method status="PASS" signature="docAndFeesTabGeneralConditionsValidation()[pri:20, instance:com.swedbank.factoring.automation.testcases.Test_FactoringCalculator@319b92f3]" name="docAndFeesTabGeneralConditionsValidation" duration-ms="3007" started-at="2022-11-10T07:37:34 EET" finished-at="2022-11-10T07:37:37 EET">
          <reporter-output>
          </reporter-output>
        </test-method> <!-- docAndFeesTabGeneralConditionsValidation -->
        <test-method status="PASS" signature="tearDown(org.testng.ITestResult)[pri:0, instance:com.swedbank.factoring.automation.testcases.Test_FactoringCalculator@319b92f3]" name="tearDown" is-config="true" duration-ms="1550" started-at="2022-11-10T07:37:35 EET" finished-at="2022-11-10T07:37:36 EET">
          <params>
            <param index="0">
              <value>
                <![CDATA[[TestResult name=applyButtonValidation status=SUCCESS method=Test_FactoringCalculator.applyButtonValidation()[pri:18, instance:com.swedbank.factoring.automation.testcases.Test_FactoringCalculator@319b92f3] output={null}]]]>
              </value>
            </param>
          </params>
          <reporter-output>
          </reporter-output>
        </test-method> <!-- tearDown -->
        <test-method status="PASS" signature="howToApplyTabValidation()[pri:19, instance:com.swedbank.factoring.automation.testcases.Test_FactoringCalculator@319b92f3]" name="howToApplyTabValidation" duration-ms="2114" started-at="2022-11-10T07:37:36 EET" finished-at="2022-11-10T07:37:38 EET">
          <reporter-output>
          </reporter-output>
        </test-method> <!-- howToApplyTabValidation -->
        <test-method status="PASS" signature="tearDown(org.testng.ITestResult)[pri:0, instance:com.swedbank.factoring.automation.testcases.Test_FactoringCalculator@319b92f3]" name="tearDown" is-config="true" duration-ms="977" started-at="2022-11-10T07:37:37 EET" finished-at="2022-11-10T07:37:38 EET">
          <params>
            <param index="0">
              <value>
                <![CDATA[[TestResult name=docAndFeesTabGeneralConditionsValidation status=SUCCESS method=Test_FactoringCalculator.docAndFeesTabGeneralConditionsValidation()[pri:20, instance:com.swedbank.factoring.automation.testcases.Test_FactoringCalculator@319b92f3] output={null}]]]>
              </value>
            </param>
          </params>
          <reporter-output>
          </reporter-output>
        </test-method> <!-- tearDown -->
        <test-method status="PASS" signature="tearDown(org.testng.ITestResult)[pri:0, instance:com.swedbank.factoring.automation.testcases.Test_FactoringCalculator@319b92f3]" name="tearDown" is-config="true" duration-ms="973" started-at="2022-11-10T07:37:38 EET" finished-at="2022-11-10T07:37:39 EET">
          <params>
            <param index="0">
              <value>
                <![CDATA[[TestResult name=howToApplyTabValidation status=SUCCESS method=Test_FactoringCalculator.howToApplyTabValidation()[pri:19, instance:com.swedbank.factoring.automation.testcases.Test_FactoringCalculator@319b92f3] output={null}]]]>
              </value>
            </param>
          </params>
          <reporter-output>
          </reporter-output>
        </test-method> <!-- tearDown -->
        <test-method status="PASS" signature="docAndfeesClaimDocValidation()[pri:22, instance:com.swedbank.factoring.automation.testcases.Test_FactoringCalculator@319b92f3]" name="docAndfeesClaimDocValidation" duration-ms="4554" started-at="2022-11-10T07:37:40 EET" finished-at="2022-11-10T07:37:45 EET">
          <reporter-output>
          </reporter-output>
        </test-method> <!-- docAndfeesClaimDocValidation -->
        <test-method status="PASS" signature="docAndFeesInvoiceListValidation()[pri:21, instance:com.swedbank.factoring.automation.testcases.Test_FactoringCalculator@319b92f3]" name="docAndFeesInvoiceListValidation" duration-ms="4441" started-at="2022-11-10T07:37:40 EET" finished-at="2022-11-10T07:37:45 EET">
          <reporter-output>
          </reporter-output>
        </test-method> <!-- docAndFeesInvoiceListValidation -->
        <test-method status="PASS" signature="tearDown(org.testng.ITestResult)[pri:0, instance:com.swedbank.factoring.automation.testcases.Test_FactoringCalculator@319b92f3]" name="tearDown" is-config="true" duration-ms="498" started-at="2022-11-10T07:37:45 EET" finished-at="2022-11-10T07:37:45 EET">
          <params>
            <param index="0">
              <value>
                <![CDATA[[TestResult name=docAndFeesInvoiceListValidation status=SUCCESS method=Test_FactoringCalculator.docAndFeesInvoiceListValidation()[pri:21, instance:com.swedbank.factoring.automation.testcases.Test_FactoringCalculator@319b92f3] output={null}]]]>
              </value>
            </param>
          </params>
          <reporter-output>
          </reporter-output>
        </test-method> <!-- tearDown -->
        <test-method status="PASS" signature="tearDown(org.testng.ITestResult)[pri:0, instance:com.swedbank.factoring.automation.testcases.Test_FactoringCalculator@319b92f3]" name="tearDown" is-config="true" duration-ms="1157" started-at="2022-11-10T07:37:45 EET" finished-at="2022-11-10T07:37:46 EET">
          <params>
            <param index="0">
              <value>
                <![CDATA[[TestResult name=docAndfeesClaimDocValidation status=SUCCESS method=Test_FactoringCalculator.docAndfeesClaimDocValidation()[pri:22, instance:com.swedbank.factoring.automation.testcases.Test_FactoringCalculator@319b92f3] output={null}]]]>
              </value>
            </param>
          </params>
          <reporter-output>
          </reporter-output>
        </test-method> <!-- tearDown -->
      </class> <!-- com.swedbank.factoring.automation.testcases.Test_FactoringCalculator -->
      <class name="com.swedbank.factoring.automation.testcases.Test_LandingPage">
        <test-method status="PASS" signature="setup()[pri:0, instance:com.swedbank.factoring.automation.testcases.Test_LandingPage@16f7c8c1]" name="setup" is-config="true" duration-ms="18526" started-at="2022-11-10T07:36:40 EET" finished-at="2022-11-10T07:36:59 EET">
          <reporter-output>
          </reporter-output>
        </test-method> <!-- setup -->
        <test-method status="PASS" signature="setup()[pri:0, instance:com.swedbank.factoring.automation.testcases.Test_LandingPage@16f7c8c1]" name="setup" is-config="true" duration-ms="14196" started-at="2022-11-10T07:36:40 EET" finished-at="2022-11-10T07:36:54 EET">
          <reporter-output>
          </reporter-output>
        </test-method> <!-- setup -->
        <test-method status="PASS" signature="setup()[pri:0, instance:com.swedbank.factoring.automation.testcases.Test_LandingPage@16f7c8c1]" name="setup" is-config="true" duration-ms="13808" started-at="2022-11-10T07:36:40 EET" finished-at="2022-11-10T07:36:54 EET">
          <reporter-output>
          </reporter-output>
        </test-method> <!-- setup -->
        <test-method status="PASS" signature="setup()[pri:0, instance:com.swedbank.factoring.automation.testcases.Test_LandingPage@16f7c8c1]" name="setup" is-config="true" duration-ms="12780" started-at="2022-11-10T07:36:40 EET" finished-at="2022-11-10T07:36:53 EET">
          <reporter-output>
          </reporter-output>
        </test-method> <!-- setup -->
        <test-method status="PASS" signature="becomeACustomer()[pri:1, instance:com.swedbank.factoring.automation.testcases.Test_LandingPage@16f7c8c1]" name="becomeACustomer" duration-ms="35851" started-at="2022-11-10T07:36:53 EET" finished-at="2022-11-10T07:37:29 EET">
          <reporter-output>
          </reporter-output>
        </test-method> <!-- becomeACustomer -->
        <test-method status="PASS" signature="landingPage()[pri:0, instance:com.swedbank.factoring.automation.testcases.Test_LandingPage@16f7c8c1]" name="landingPage" duration-ms="969" started-at="2022-11-10T07:36:54 EET" finished-at="2022-11-10T07:36:55 EET">
          <reporter-output>
          </reporter-output>
        </test-method> <!-- landingPage -->
        <test-method status="PASS" signature="navigatingTabs()[pri:2, instance:com.swedbank.factoring.automation.testcases.Test_LandingPage@16f7c8c1]" name="navigatingTabs" duration-ms="37275" started-at="2022-11-10T07:36:54 EET" finished-at="2022-11-10T07:37:32 EET">
          <reporter-output>
          </reporter-output>
        </test-method> <!-- navigatingTabs -->
        <test-method status="PASS" signature="tearDown(org.testng.ITestResult)[pri:0, instance:com.swedbank.factoring.automation.testcases.Test_LandingPage@16f7c8c1]" name="tearDown" is-config="true" duration-ms="8277" started-at="2022-11-10T07:36:55 EET" finished-at="2022-11-10T07:37:03 EET">
          <params>
            <param index="0">
              <value>
                <![CDATA[[TestResult name=landingPage status=SUCCESS method=Test_LandingPage.landingPage()[pri:0, instance:com.swedbank.factoring.automation.testcases.Test_LandingPage@16f7c8c1] output={null}]]]>
              </value>
            </param>
          </params>
          <reporter-output>
          </reporter-output>
        </test-method> <!-- tearDown -->
        <test-method status="PASS" signature="langOnLandingPage()[pri:3, instance:com.swedbank.factoring.automation.testcases.Test_LandingPage@16f7c8c1]" name="langOnLandingPage" duration-ms="10915" started-at="2022-11-10T07:36:59 EET" finished-at="2022-11-10T07:37:10 EET">
          <reporter-output>
          </reporter-output>
        </test-method> <!-- langOnLandingPage -->
        <test-method status="PASS" signature="tearDown(org.testng.ITestResult)[pri:0, instance:com.swedbank.factoring.automation.testcases.Test_LandingPage@16f7c8c1]" name="tearDown" is-config="true" duration-ms="3410" started-at="2022-11-10T07:37:10 EET" finished-at="2022-11-10T07:37:13 EET">
          <params>
            <param index="0">
              <value>
                <![CDATA[[TestResult name=langOnLandingPage status=SUCCESS method=Test_LandingPage.langOnLandingPage()[pri:3, instance:com.swedbank.factoring.automation.testcases.Test_LandingPage@16f7c8c1] output={null}]]]>
              </value>
            </param>
          </params>
          <reporter-output>
          </reporter-output>
        </test-method> <!-- tearDown -->
        <test-method status="PASS" signature="tearDown(org.testng.ITestResult)[pri:0, instance:com.swedbank.factoring.automation.testcases.Test_LandingPage@16f7c8c1]" name="tearDown" is-config="true" duration-ms="1020" started-at="2022-11-10T07:37:29 EET" finished-at="2022-11-10T07:37:30 EET">
          <params>
            <param index="0">
              <value>
                <![CDATA[[TestResult name=becomeACustomer status=SUCCESS method=Test_LandingPage.becomeACustomer()[pri:1, instance:com.swedbank.factoring.automation.testcases.Test_LandingPage@16f7c8c1] output={null}]]]>
              </value>
            </param>
          </params>
          <reporter-output>
          </reporter-output>
        </test-method> <!-- tearDown -->
        <test-method status="PASS" signature="tearDown(org.testng.ITestResult)[pri:0, instance:com.swedbank.factoring.automation.testcases.Test_LandingPage@16f7c8c1]" name="tearDown" is-config="true" duration-ms="1943" started-at="2022-11-10T07:37:32 EET" finished-at="2022-11-10T07:37:34 EET">
          <params>
            <param index="0">
              <value>
                <![CDATA[[TestResult name=navigatingTabs status=SUCCESS method=Test_LandingPage.navigatingTabs()[pri:2, instance:com.swedbank.factoring.automation.testcases.Test_LandingPage@16f7c8c1] output={null}]]]>
              </value>
            </param>
          </params>
          <reporter-output>
          </reporter-output>
        </test-method> <!-- tearDown -->
      </class> <!-- com.swedbank.factoring.automation.testcases.Test_LandingPage -->
      <class name="com.swedbank.factoring.automation.testcases.Test_LoginPage">
        <test-method status="PASS" signature="datDrivenSuite()[pri:0, instance:com.swedbank.factoring.automation.testcases.Test_LoginPage@548ad73b]" name="datDrivenSuite" is-config="true" duration-ms="479" started-at="2022-11-10T07:36:40 EET" finished-at="2022-11-10T07:36:40 EET">
          <reporter-output>
          </reporter-output>
        </test-method> <!-- datDrivenSuite -->
        <test-method status="PASS" signature="setup()[pri:0, instance:com.swedbank.factoring.automation.testcases.Test_LoginPage@548ad73b]" name="setup" is-config="true" duration-ms="20845" started-at="2022-11-10T07:36:40 EET" finished-at="2022-11-10T07:37:01 EET">
          <reporter-output>
          </reporter-output>
        </test-method> <!-- setup -->
        <test-method status="PASS" signature="setup()[pri:0, instance:com.swedbank.factoring.automation.testcases.Test_LoginPage@548ad73b]" name="setup" is-config="true" duration-ms="19759" started-at="2022-11-10T07:36:40 EET" finished-at="2022-11-10T07:37:00 EET">
          <reporter-output>
          </reporter-output>
        </test-method> <!-- setup -->
        <test-method status="PASS" signature="setup()[pri:0, instance:com.swedbank.factoring.automation.testcases.Test_LoginPage@548ad73b]" name="setup" is-config="true" duration-ms="17927" started-at="2022-11-10T07:36:40 EET" finished-at="2022-11-10T07:36:58 EET">
          <reporter-output>
          </reporter-output>
        </test-method> <!-- setup -->
        <test-method status="PASS" signature="usingLoginButton()[pri:6, instance:com.swedbank.factoring.automation.testcases.Test_LoginPage@548ad73b]" name="usingLoginButton" duration-ms="13981" started-at="2022-11-10T07:36:58 EET" finished-at="2022-11-10T07:37:12 EET">
          <reporter-output>
          </reporter-output>
        </test-method> <!-- usingLoginButton -->
        <test-method status="PASS" signature="usingSwedBanklogo()[pri:4, instance:com.swedbank.factoring.automation.testcases.Test_LoginPage@548ad73b]" name="usingSwedBanklogo" duration-ms="9674" started-at="2022-11-10T07:37:00 EET" finished-at="2022-11-10T07:37:10 EET">
          <reporter-output>
          </reporter-output>
        </test-method> <!-- usingSwedBanklogo -->
        <test-method status="PASS" signature="usingApplyButton()[pri:5, instance:com.swedbank.factoring.automation.testcases.Test_LoginPage@548ad73b]" name="usingApplyButton" duration-ms="15056" started-at="2022-11-10T07:37:01 EET" finished-at="2022-11-10T07:37:16 EET">
          <reporter-output>
          </reporter-output>
        </test-method> <!-- usingApplyButton -->
        <test-method status="PASS" signature="tearDown(org.testng.ITestResult)[pri:0, instance:com.swedbank.factoring.automation.testcases.Test_LoginPage@548ad73b]" name="tearDown" is-config="true" duration-ms="836" started-at="2022-11-10T07:37:10 EET" finished-at="2022-11-10T07:37:11 EET">
          <params>
            <param index="0">
              <value>
                <![CDATA[[TestResult name=usingSwedBanklogo status=SUCCESS method=Test_LoginPage.usingSwedBanklogo()[pri:4, instance:com.swedbank.factoring.automation.testcases.Test_LoginPage@548ad73b] output={null}]]]>
              </value>
            </param>
          </params>
          <reporter-output>
          </reporter-output>
        </test-method> <!-- tearDown -->
        <test-method status="PASS" signature="tearDown(org.testng.ITestResult)[pri:0, instance:com.swedbank.factoring.automation.testcases.Test_LoginPage@548ad73b]" name="tearDown" is-config="true" duration-ms="1250" started-at="2022-11-10T07:37:12 EET" finished-at="2022-11-10T07:37:13 EET">
          <params>
            <param index="0">
              <value>
                <![CDATA[[TestResult name=usingLoginButton status=SUCCESS method=Test_LoginPage.usingLoginButton()[pri:6, instance:com.swedbank.factoring.automation.testcases.Test_LoginPage@548ad73b] output={null}]]]>
              </value>
            </param>
          </params>
          <reporter-output>
          </reporter-output>
        </test-method> <!-- tearDown -->
        <test-method status="PASS" signature="tearDown(org.testng.ITestResult)[pri:0, instance:com.swedbank.factoring.automation.testcases.Test_LoginPage@548ad73b]" name="tearDown" is-config="true" duration-ms="1503" started-at="2022-11-10T07:37:16 EET" finished-at="2022-11-10T07:37:18 EET">
          <params>
            <param index="0">
              <value>
                <![CDATA[[TestResult name=usingApplyButton status=SUCCESS method=Test_LoginPage.usingApplyButton()[pri:5, instance:com.swedbank.factoring.automation.testcases.Test_LoginPage@548ad73b] output={null}]]]>
              </value>
            </param>
          </params>
          <reporter-output>
          </reporter-output>
        </test-method> <!-- tearDown -->
      </class> <!-- com.swedbank.factoring.automation.testcases.Test_LoginPage -->
    </test> <!-- FactoringPageTests -->
  </suite> <!-- FactoringTestSuite -->
</testng-results>
